WARNING:tensorflow:From evaluate.py:40: The name tf.placeholder is deprecated. Please use tf.compat.v1.placeholder instead.

WARNING:tensorflow:From /Users/evayin/PycharmProjects/tensorflow-yolov3/core/backbone.py:20: The name tf.variable_scope is deprecated. Please use tf.compat.v1.variable_scope instead.

WARNING:tensorflow:From /Users/evayin/PycharmProjects/tensorflow-yolov3/core/common.py:30: The name tf.get_variable is deprecated. Please use tf.compat.v1.get_variable instead.

WARNING:tensorflow:From /Users/evayin/PycharmProjects/tensorflow-yolov3/core/common.py:38: batch_normalization (from tensorflow.python.layers.normalization) is deprecated and will be removed in a future version.
Instructions for updating:
Use keras.layers.BatchNormalization instead.  In particular, `tf.control_dependencies(tf.GraphKeys.UPDATE_OPS)` should not be used (consult the `tf.keras.layers.batch_normalization` documentation).
WARNING:tensorflow:From /Users/evayin/opt/anaconda3/envs/tf10/lib/python3.7/site-packages/tensorflow_core/python/layers/normalization.py:327: Layer.apply (from tensorflow.python.keras.engine.base_layer) is deprecated and will be removed in a future version.
Instructions for updating:
Please use `layer.__call__` method instead.
WARNING:tensorflow:From /Users/evayin/PycharmProjects/tensorflow-yolov3/core/common.py:79: The name tf.image.resize_nearest_neighbor is deprecated. Please use tf.compat.v1.image.resize_nearest_neighbor instead.

WARNING:tensorflow:From evaluate.py:49: The name tf.Session is deprecated. Please use tf.compat.v1.Session instead.

WARNING:tensorflow:From evaluate.py:49: The name tf.ConfigProto is deprecated. Please use tf.compat.v1.ConfigProto instead.

2022-03-28 23:31:37.704101: I tensorflow/core/platform/cpu_feature_guard.cc:142] Your CPU supports instructions that this TensorFlow binary was not compiled to use: AVX2 FMA
2022-03-28 23:31:37.719866: I tensorflow/compiler/xla/service/service.cc:168] XLA service 0x7fe2c0b399c0 initialized for platform Host (this does not guarantee that XLA will be used). Devices:
2022-03-28 23:31:37.719909: I tensorflow/compiler/xla/service/service.cc:176]   StreamExecutor device (0): Host, Default Version
WARNING:tensorflow:From evaluate.py:50: The name tf.train.Saver is deprecated. Please use tf.compat.v1.train.Saver instead.

Traceback (most recent call last):
  File "evaluate.py", line 162, in <module>
    if __name__ == '__main__': YoloTest().evaluate()
  File "evaluate.py", line 51, in __init__
    self.saver.restore(self.sess, self.weight_file)
  File "/Users/evayin/opt/anaconda3/envs/tf10/lib/python3.7/site-packages/tensorflow_core/python/training/saver.py", line 1282, in restore
    checkpoint_prefix)
ValueError: The passed save_path is not a valid checkpoint: ./checkpoint/yolov3_test_loss=9.2099.ckpt-5
